<?xml version="1.0" encoding="UTF-8"?>
<testng-results ignored="0" total="2" passed="2" failed="0" skipped="0">
  <reporter-output>
  </reporter-output>
  <suite started-at="2024-09-10T21:04:23 IST" name="Suite" finished-at="2024-09-10T21:05:01 IST" duration-ms="37799">
    <groups>
    </groups>
    <test started-at="2024-09-10T21:04:23 IST" name="Test" finished-at="2024-09-10T21:05:01 IST" duration-ms="37799">
      <class name="gitRepo.Bharath1">
        <test-method signature="om()[pri:0, instance:gitRepo.Bharath1@441772e]" started-at="2024-09-10T21:04:46 IST" name="om" finished-at="2024-09-10T21:05:01 IST" duration-ms="14932" status="PASS">
          <reporter-output>
          </reporter-output>
        </test-method> <!-- om -->
      </class> <!-- gitRepo.Bharath1 -->
      <class name="gitRepo.Login">
        <test-method signature="siva()[pri:0, instance:gitRepo.Login@795cd85e]" started-at="2024-09-10T21:04:23 IST" name="siva" finished-at="2024-09-10T21:04:46 IST" duration-ms="22800" status="PASS">
          <reporter-output>
          </reporter-output>
        </test-method> <!-- siva -->
      </class> <!-- gitRepo.Login -->
    </test> <!-- Test -->
  </suite> <!-- Suite -->
</testng-results>
